[debug] [2021-09-19T04:54:52.570Z] ----------------------------------------------------------------------
[debug] [2021-09-19T04:54:52.572Z] Command:       /usr/local/bin/node /opt/homebrew/bin/firebase init
[debug] [2021-09-19T04:54:52.572Z] CLI Version:   9.18.0
[debug] [2021-09-19T04:54:52.572Z] Platform:      darwin
[debug] [2021-09-19T04:54:52.572Z] Node Version:  v15.13.0
[debug] [2021-09-19T04:54:52.573Z] Time:          Sat Sep 18 2021 23:54:52 GMT-0500 (Central Daylight Time)
[debug] [2021-09-19T04:54:52.573Z] ----------------------------------------------------------------------
[debug] 
[debug] [2021-09-19T04:54:52.581Z] > command requires scopes: ["email","openid","https://www.googleapis.com/auth/cloudplatformprojects.readonly","https://www.googleapis.com/auth/firebase","https://www.googleapis.com/auth/cloud-platform"]
[debug] [2021-09-19T04:54:52.581Z] > authorizing via signed-in user (email.stevenz1@gmail.com)
[info] 
     ######## #### ########  ######## ########     ###     ######  ########
     ##        ##  ##     ## ##       ##     ##  ##   ##  ##       ##
     ######    ##  ########  ######   ########  #########  ######  ######
     ##        ##  ##    ##  ##       ##     ## ##     ##       ## ##
     ##       #### ##     ## ######## ########  ##     ##  ######  ########

You're about to initialize a Firebase project in this directory:

  /Users/stevenz/Desktop/Amazon Clone/amazon-clone

[info] 
=== Project Setup
[info] 
[info] First, let's associate this project directory with a Firebase project.
[info] You can create multiple project aliases by running firebase use --add, 
[info] but for now we'll just set up a default project.
[info] 
[debug] [2021-09-19T04:55:00.470Z] >>> [apiv2][query] GET https://firebase.googleapis.com/v1beta1/projects pageSize=100
[debug] [2021-09-19T04:55:00.744Z] <<< [apiv2][status] GET https://firebase.googleapis.com/v1beta1/projects 200
[debug] [2021-09-19T04:55:00.744Z] <<< [apiv2][body] GET https://firebase.googleapis.com/v1beta1/projects [omitted]
[info] i  Using project clone-ad9de (amazon-clone) 
[info] 
=== Hosting:github Setup
[info] 
[info] i  Detected a .git folder at /Users/stevenz 
[info] i  Authorizing with GitHub to upload your service account to a GitHub repository's secrets store. 
[info] 
[info] Visit this URL on this device to log in:
[info] https://github.com/login/oauth/authorize?client_id=89cf50f02ac6aaed3484&state=666577649&redirect_uri=http%3A%2F%2Flocalhost%3A9005&scope=read%3Auser%20repo%20public_repo
[info] 
[info] Waiting for authentication...
